2023-06-15 01:28:19,540 INFO Client [main] Клиент запущен.
2023-06-15 01:28:19,556 INFO r.RequestBuilder [main] Создан запрос: ready.
2023-06-15 01:28:29,581 ERROR Client [main] Cписок команд не получен.
2023-06-15 01:41:02,340 INFO Client [main] Клиент запущен.
2023-06-15 01:41:02,347 INFO r.RequestBuilder [main] Создан запрос: ready.
2023-06-15 01:41:02,401 INFO Client [main] Список команд получен.
2023-06-15 01:41:05,277 INFO r.RequestBuilder [main] Создан запрос: show.
2023-06-15 01:41:05,297 INFO l.ConsoleManager [main] Получен ответ.
2023-06-15 01:41:13,471 INFO r.RequestBuilder [main] Создан запрос: login vedzevgn 18381838.
2023-06-15 01:41:13,481 INFO l.ConsoleManager [main] Получен ответ.
2023-06-15 01:41:16,568 INFO r.RequestBuilder [main] Создан запрос: show.
2023-06-15 01:41:16,586 INFO l.ConsoleManager [main] Получен ответ.
2023-06-15 01:41:22,531 INFO r.RequestBuilder [main] Создан запрос: update 7.
2023-06-15 01:41:31,044 INFO r.RequestBuilder [main] Создан запрос: update 7.
2023-06-15 01:41:33,173 INFO r.RequestBuilder [main] Создан запрос: show.
2023-06-15 01:41:33,174 INFO l.ConsoleManager [main] Получен ответ.
2023-06-15 01:42:57,587 INFO Client [main] Клиент запущен.
2023-06-15 01:42:57,602 INFO r.RequestBuilder [main] Создан запрос: ready.
2023-06-15 01:42:57,660 INFO Client [main] Список команд получен.
2023-06-15 01:43:08,868 INFO r.RequestBuilder [main] Создан запрос: login vedzevgn 18381838.
2023-06-15 01:43:08,883 INFO l.ConsoleManager [main] Получен ответ.
2023-06-15 01:43:10,539 INFO r.RequestBuilder [main] Создан запрос: show.
2023-06-15 01:43:10,560 INFO l.ConsoleManager [main] Получен ответ.
2023-06-15 01:43:15,501 INFO r.RequestBuilder [main] Создан запрос: update 7.
2023-06-15 01:43:23,537 INFO r.RequestBuilder [main] Создан запрос: update 7.
2023-06-15 01:43:25,074 INFO r.RequestBuilder [main] Создан запрос: show.
2023-06-15 01:43:25,079 INFO l.ConsoleManager [main] Получен ответ.
2023-06-15 01:44:31,967 INFO r.RequestBuilder [main] Создан запрос: update 7.
2023-06-15 01:44:52,328 INFO r.RequestBuilder [main] Создан запрос: update 7.
2023-06-15 01:46:06,840 INFO Client [main] Клиент запущен.
2023-06-15 01:46:06,846 INFO r.RequestBuilder [main] Создан запрос: ready.
2023-06-15 01:46:06,885 INFO Client [main] Список команд получен.
2023-06-15 01:46:14,483 INFO r.RequestBuilder [main] Создан запрос: login vedzevgn 18381838.
2023-06-15 01:46:14,494 INFO l.ConsoleManager [main] Получен ответ.
2023-06-15 01:46:17,694 INFO r.RequestBuilder [main] Создан запрос: show.
2023-06-15 01:46:17,715 INFO l.ConsoleManager [main] Получен ответ.
2023-06-15 01:46:20,461 INFO r.RequestBuilder [main] Создан запрос: update 7.
2023-06-15 01:47:30,451 INFO r.RequestBuilder [main] Создан запрос: update 7.
2023-06-15 01:47:32,698 INFO r.RequestBuilder [main] Создан запрос: show.
2023-06-15 01:47:32,706 INFO l.ConsoleManager [main] Получен ответ.
2023-06-15 01:53:07,907 INFO r.RequestBuilder [main] Создан запрос: show.
2023-06-15 01:53:07,940 INFO l.ConsoleManager [main] Получен ответ.
