2023-06-15 01:28:14,783 INFO Server [main] Запуск сервера.
2023-06-15 01:28:15,195 INFO c.Receiver [main] Receiver инициализорован.
2023-06-15 01:28:15,205 INFO c.Invoker [main] Invoker инициализирован.
2023-06-15 01:28:15,205 INFO Server [main] Invoker и Receiver запущены.
2023-06-15 01:28:38,252 INFO Server [main] Запуск сервера.
2023-06-15 01:28:38,536 INFO c.Receiver [main] Receiver инициализорован.
2023-06-15 01:28:38,541 INFO c.Invoker [main] Invoker инициализирован.
2023-06-15 01:28:38,542 INFO Server [main] Invoker и Receiver запущены.
2023-06-15 01:40:58,005 INFO Server [main] Запуск сервера.
2023-06-15 01:40:58,264 INFO c.Receiver [main] Receiver инициализорован.
2023-06-15 01:40:58,273 INFO c.Invoker [main] Invoker инициализирован.
2023-06-15 01:40:58,274 INFO Server [main] Invoker и Receiver запущены.
2023-06-15 01:41:02,393 INFO Server [Thread-0] Список команд отправлен.
2023-06-15 01:41:05,278 INFO Server [Thread-0] Получена команда: show.
2023-06-15 01:41:05,279 INFO c.Invoker [Thread-0] Проверка команды.
2023-06-15 01:41:05,292 INFO r.ResponseBuilder [Thread-0] Создан ответ.
2023-06-15 01:41:13,472 INFO Server [Thread-0] Получена команда: login vedzevgn 18381838.
2023-06-15 01:41:13,472 INFO c.Invoker [Thread-0] Проверка команды.
2023-06-15 01:41:13,472 INFO c.Invoker [Thread-0] Запуск выполнения команды.
2023-06-15 01:41:13,478 INFO r.ResponseBuilder [Thread-0] Создан ответ.
2023-06-15 01:41:13,480 INFO r.ResponseBuilder [Thread-0] Создан ответ.
2023-06-15 01:41:16,569 INFO Server [Thread-0] Получена команда: show.
2023-06-15 01:41:16,569 INFO c.Invoker [Thread-0] Проверка команды.
2023-06-15 01:41:16,570 INFO c.Invoker [Thread-0] Запуск выполнения команды.
2023-06-15 01:41:16,583 INFO r.ResponseBuilder [Thread-0] Создан ответ.
2023-06-15 01:41:22,533 INFO Server [Thread-0] Получена команда: update 7.
2023-06-15 01:41:22,534 INFO c.Invoker [Thread-0] Проверка команды.
2023-06-15 01:41:22,535 INFO c.Invoker [Thread-0] Запуск выполнения команды.
2023-06-15 01:41:22,537 INFO r.ResponseBuilder [Thread-0] Создан ответ.
2023-06-15 01:41:31,060 INFO c.Receiver [Thread-0] Принят объект: name.
2023-06-15 01:41:31,101 INFO r.ResponseBuilder [Thread-0] Создан ответ.
2023-06-15 01:41:31,102 INFO r.ResponseBuilder [Thread-0] Создан ответ.
2023-06-15 01:42:54,108 INFO Server [main] Запуск сервера.
2023-06-15 01:42:54,447 INFO c.Receiver [main] Receiver инициализорован.
2023-06-15 01:42:54,462 INFO c.Invoker [main] Invoker инициализирован.
2023-06-15 01:42:54,462 INFO Server [main] Invoker и Receiver запущены.
2023-06-15 01:42:57,652 INFO Server [Thread-0] Список команд отправлен.
2023-06-15 01:43:08,870 INFO Server [Thread-0] Получена команда: login vedzevgn 18381838.
2023-06-15 01:43:08,870 INFO c.Invoker [Thread-0] Проверка команды.
2023-06-15 01:43:08,870 INFO c.Invoker [Thread-0] Запуск выполнения команды.
2023-06-15 01:43:08,877 INFO r.ResponseBuilder [Thread-0] Создан ответ.
2023-06-15 01:43:08,881 INFO r.ResponseBuilder [Thread-0] Создан ответ.
2023-06-15 01:43:10,541 INFO Server [Thread-0] Получена команда: show.
2023-06-15 01:43:10,541 INFO c.Invoker [Thread-0] Проверка команды.
2023-06-15 01:43:10,542 INFO c.Invoker [Thread-0] Запуск выполнения команды.
2023-06-15 01:43:10,559 INFO r.ResponseBuilder [Thread-0] Создан ответ.
2023-06-15 01:43:15,502 INFO Server [Thread-0] Получена команда: update 7.
2023-06-15 01:43:15,502 INFO c.Invoker [Thread-0] Проверка команды.
2023-06-15 01:43:15,504 INFO c.Invoker [Thread-0] Запуск выполнения команды.
2023-06-15 01:43:15,506 INFO r.ResponseBuilder [Thread-0] Создан ответ.
2023-06-15 01:43:23,546 INFO c.Receiver [Thread-0] Принят объект: name.
2023-06-15 01:43:23,555 INFO r.ResponseBuilder [Thread-0] Создан ответ.
2023-06-15 01:43:25,075 INFO Server [Thread-0] Получена команда: show.
2023-06-15 01:43:25,075 INFO c.Invoker [Thread-0] Проверка команды.
2023-06-15 01:43:25,076 INFO c.Invoker [Thread-0] Запуск выполнения команды.
2023-06-15 01:43:25,077 INFO r.ResponseBuilder [Thread-0] Создан ответ.
2023-06-15 01:44:22,101 INFO Server [main] Запуск сервера.
2023-06-15 01:44:22,537 INFO c.Receiver [main] Receiver инициализорован.
2023-06-15 01:44:22,581 INFO c.Invoker [main] Invoker инициализирован.
2023-06-15 01:44:22,581 INFO Server [main] Invoker и Receiver запущены.
2023-06-15 01:44:31,997 INFO Server [Thread-0] Получена команда: update 7.
2023-06-15 01:44:33,890 INFO c.Invoker [Thread-0] Проверка команды.
2023-06-15 01:44:35,280 INFO c.Invoker [Thread-0] Запуск выполнения команды.
2023-06-15 01:44:39,163 INFO r.ResponseBuilder [Thread-0] Создан ответ.
2023-06-15 01:44:59,194 INFO c.Receiver [Thread-0] Принят объект: name.
2023-06-15 01:45:36,016 INFO r.ResponseBuilder [Thread-0] Создан ответ.
2023-06-15 01:46:03,745 INFO Server [main] Запуск сервера.
2023-06-15 01:46:04,091 INFO c.Receiver [main] Receiver инициализорован.
2023-06-15 01:46:04,104 INFO c.Invoker [main] Invoker инициализирован.
2023-06-15 01:46:04,105 INFO Server [main] Invoker и Receiver запущены.
2023-06-15 01:46:06,880 INFO Server [Thread-0] Список команд отправлен.
2023-06-15 01:46:14,485 INFO Server [Thread-0] Получена команда: login vedzevgn 18381838.
2023-06-15 01:46:14,485 INFO c.Invoker [Thread-0] Проверка команды.
2023-06-15 01:46:14,485 INFO c.Invoker [Thread-0] Запуск выполнения команды.
2023-06-15 01:46:14,489 INFO r.ResponseBuilder [Thread-0] Создан ответ.
2023-06-15 01:46:14,493 INFO r.ResponseBuilder [Thread-0] Создан ответ.
2023-06-15 01:46:17,695 INFO Server [Thread-0] Получена команда: show.
2023-06-15 01:46:17,695 INFO c.Invoker [Thread-0] Проверка команды.
2023-06-15 01:46:17,696 INFO c.Invoker [Thread-0] Запуск выполнения команды.
2023-06-15 01:46:17,713 INFO r.ResponseBuilder [Thread-0] Создан ответ.
2023-06-15 01:46:20,463 INFO Server [Thread-0] Получена команда: update 7.
2023-06-15 01:46:20,463 INFO c.Invoker [Thread-0] Проверка команды.
2023-06-15 01:46:20,464 INFO c.Invoker [Thread-0] Запуск выполнения команды.
2023-06-15 01:46:20,466 INFO r.ResponseBuilder [Thread-0] Создан ответ.
2023-06-15 01:47:30,511 INFO c.Receiver [Thread-0] Принят объект: name.
2023-06-15 01:47:30,533 INFO r.ResponseBuilder [Thread-0] Создан ответ.
2023-06-15 01:47:32,699 INFO Server [Thread-0] Получена команда: show.
2023-06-15 01:47:32,700 INFO c.Invoker [Thread-0] Проверка команды.
2023-06-15 01:47:32,702 INFO c.Invoker [Thread-0] Запуск выполнения команды.
2023-06-15 01:47:32,704 INFO r.ResponseBuilder [Thread-0] Создан ответ.
2023-06-15 01:53:07,917 INFO Server [Thread-0] Получена команда: show.
2023-06-15 01:53:07,921 INFO c.Invoker [Thread-0] Проверка команды.
2023-06-15 01:53:07,932 INFO c.Invoker [Thread-0] Запуск выполнения команды.
2023-06-15 01:53:07,935 INFO r.ResponseBuilder [Thread-0] Создан ответ.
